<?xml version="1.0" encoding="UTF-8"?>
<!-- Generated by org.testng.reporters.JUnitReportReporter -->
<testsuite hostname="LAPTOP-P1RFJJ0H" failures="0" tests="1" name="qa.tests.TestCase1" time="18.535" errors="0" timestamp="2023-10-28T18:07:43 IST" skipped="0">
  <testcase classname="qa.tests.TestCase1" name="sampleMethodForEnteringCredentials" time="18.535"/>
</testsuite> <!-- qa.tests.TestCase1 -->
