<?xml version="1.0" encoding="UTF-8"?>
<!-- Generated by org.testng.reporters.JUnitReportReporter -->
<testsuite hostname="LAPTOP-P1RFJJ0H" failures="0" tests="1" name="qa.tests.TestCase5" time="29.574" errors="0" timestamp="2023-10-29T19:40:04 IST" skipped="0">
  <testcase classname="qa.tests.TestCase5" name="sampleMethodForEditContact" time="29.574"/>
</testsuite> <!-- qa.tests.TestCase5 -->
