<?xml version="1.0" encoding="UTF-8"?>
<!-- Generated by org.testng.reporters.JUnitReportReporter -->
<testsuite hostname="LAPTOP-P1RFJJ0H" failures="0" tests="1" name="qa.tests.TestCase3" time="21.813" errors="0" timestamp="2023-10-28T18:36:36 IST" skipped="0">
  <testcase classname="qa.tests.TestCase3" name="sampleMethodForCreatingNewContact" time="21.813"/>
</testsuite> <!-- qa.tests.TestCase3 -->
