<?xml version="1.0" encoding="UTF-8"?>
<!-- Generated by org.testng.reporters.JUnitReportReporter -->
<testsuite hostname="LAPTOP-P1RFJJ0H" failures="0" tests="1" name="qa.tests.TestCase6" time="22.706" errors="0" timestamp="2023-10-30T15:12:58 IST" skipped="0">
  <testcase classname="qa.tests.TestCase6" name="sampleMethodForDeleteContact" time="22.706"/>
</testsuite> <!-- qa.tests.TestCase6 -->
