<?xml version="1.0" encoding="UTF-8"?>
<!-- Generated by org.testng.reporters.JUnitReportReporter -->
<testsuite hostname="LAPTOP-P1RFJJ0H" failures="0" tests="1" name="qa.tests.TestCase4" time="24.338" errors="0" timestamp="2023-10-28T18:49:55 IST" skipped="0">
  <testcase classname="qa.tests.TestCase4" name="sampleMethodForSignOut" time="24.338"/>
</testsuite> <!-- qa.tests.TestCase4 -->
