<?xml version="1.0" encoding="UTF-8"?>
<!-- Generated by org.testng.reporters.JUnitReportReporter -->
<testsuite hostname="LAPTOP-P1RFJJ0H" failures="0" tests="1" name="qa.tests.TestCase2" time="15.208" errors="0" timestamp="2023-10-27T17:15:44 IST" skipped="0">
  <testcase classname="qa.tests.TestCase2" name="sampleMethodForMouseHoverAction" time="15.208"/>
</testsuite> <!-- qa.tests.TestCase2 -->
